WARNING: Makefile 'package/netspeedtest/luci-app-netspeedtest/Makefile' has a dependency on 'python3-pkg-resources', which does not exist
WARNING: Makefile 'package/netspeedtest/luci-app-netspeedtest/Makefile' has a dependency on 'python3-email', which does not exist
WARNING: Makefile 'package/QModem/application/qmodem/Makefile' has a dependency on 'kmod-mhi-wwan', which does not exist
WARNING: Makefile 'package/QModem/application/qmodem/Makefile' has a dependency on 'quectel-CM-5G', which does not exist
WARNING: Makefile 'package/feeds/video/sdl3/Makefile' has a build dependency on 'libwayland', which does not exist
make[2]: Entering directory '/mnt/build_wrt/scripts/config'
make[2]: 'conf' is up to date.
make[2]: Leaving directory '/mnt/build_wrt/scripts/config'
 make[1] world
 make[2] tools/compile
 make[2] package/cleanup
 make[3] -C tools/flock compile
 make[3] -C tools/libdeflate compile
 make[3] -C tools/zstd compile
 make[3] -C tools/sed compile
 make[3] -C tools/patch compile
 make[3] -C tools/tar compile
 make[3] -C tools/m4 compile
 make[3] -C tools/autoconf-archive compile
 make[3] -C tools/ninja compile
 make[3] -C tools/xz compile
 make[3] -C tools/gnulib compile
 make[3] -C tools/expat compile
 make[3] -C tools/zlib compile
 make[3] -C tools/cpio compile
 make[3] -C tools/lzma compile
 make[3] -C tools/make-ext4fs compile
 make[3] -C tools/mtools compile
 make[3] -C tools/patch-image compile
 make[3] -C tools/squashfs4 compile
 make[3] -C tools/sstrip compile
 make[3] -C tools/zip compile
 make[3] -C tools/autoconf compile
 make[3] -C tools/meson compile
 make[3] -C tools/pkgconf compile
 make[3] -C tools/lz4 compile
 make[3] -C tools/missing-macros compile
 make[3] -C tools/automake compile
 make[3] -C tools/libressl compile
 make[3] -C tools/libtool compile
 make[3] -C tools/dosfstools compile
 make[3] -C tools/fakeroot compile
 make[3] -C tools/flex compile
 make[3] -C tools/gengetopt compile
 make[3] -C tools/mklibs compile
 make[3] -C tools/patchelf compile
 make[3] -C tools/gmp compile
 make[3] -C tools/cmake compile
 make[3] -C tools/bison compile
 make[3] -C tools/bc compile
 make[3] -C tools/util-linux compile
 make[3] -C tools/elfutils compile
 make[3] -C tools/findutils compile
 make[3] -C tools/mkimage compile
 make[3] -C tools/mtd-utils compile
 make[3] -C tools/mpfr compile
 make[3] -C tools/e2fsprogs compile
 make[3] -C tools/erofs-utils compile
 make[3] -C tools/padjffs2 compile
 make[3] -C tools/quilt compile
 make[3] -C tools/mpc compile
 make[3] -C tools/firmware-utils compile
 make[2] toolchain/compile
 make[3] -C toolchain/fortify-headers compile
 make[3] -C toolchain/binutils compile
 make[3] -C toolchain/gdb compile
 make[3] -C toolchain/gcc/initial compile
 make[3] -C toolchain/kernel-headers compile
 make[3] -C toolchain/musl compile
 make[3] -C toolchain/gcc/final compile
 make[2] target/compile
 make[3] -C target/linux compile
 make[2] buildinfo
 make[2] package/compile
 make[3] diffconfig buildversion feedsversion
 make[3] -C package/utils/lua host-compile
 make[3] -C feeds/packages/lang/golang/golang-bootstrap host-compile
 make[3] -C feeds/luci/modules/luci-base host-compile
 make[3] -C feeds/luci/contrib/package/csstidy host-compile
 make[4] scripts/config/conf
 make[3] -C package/libs/ncurses host-compile
 make[3] -C package/system/fwtool host-compile
 make[3] -C package/libs/libjson-c host-compile
 make[3] -C package/system/usign host-compile
 make[3] -C package/devel/gperf host-compile
 make[3] -C package/libs/gnulib-l10n host-compile
 make[3] -C package/libs/libiconv-full host-compile
 make[3] -C package/libs/libunistring host-compile
 make[3] -C feeds/packages/libs/libtasn1 host-compile
 make[3] -C feeds/packages/lang/perl host-compile
 make[3] -C feeds/packages/libs/libffi host-compile
 make[3] -C package/utils/bzip2 host-compile
 make[3] -C feeds/packages/libs/boost host-compile
 make[3] -C feeds/packages/lang/lua/luarocks host-compile
 make[3] -C feeds/packages/libs/yaml host-compile
 make[3] -C feeds/packages/lang/rust host-compile
 make[3] -C package/luci-app-qbittorrent/qt6base host-compile
 make[3] -C package/system/apk host-compile
 make[3] -C package/libs/libubox host-compile
 make[3] -C package/libs/libxml2 host-compile
 make[3] -C feeds/packages/lang/perl/perl-parse-yapp host-compile
 make[3] -C feeds/packages/lang/python/python3 host-compile
 make[3] -C feeds/packages/lang/ruby host-compile
 make[3] -C package/libs/toolchain compile
 make[3] -C feeds/packages/lang/golang/golang1.26 host-compile
 make[3] -C package/firmware/linux-firmware compile
 make[3] -C package/kernel/gpio-button-hotplug compile
 make[3] -C package/libs/jansson compile
 make[3] -C package/libs/libmnl compile
 make[3] -C package/libs/libjson-c compile
 make[3] -C package/libs/libmd compile
 make[3] -C package/libs/libnl-tiny compile
 make[3] -C package/utils/lua compile
 make[3] -C package/utils/bzip2 compile
 make[3] -C package/libs/argp-standalone compile
 make[3] -C package/libs/musl-fts compile
 make[3] -C package/QModem/application/sms-tool_q compile
 make[3] -C package/QModem/application/ndisc6 compile
 make[3] -C feeds/packages/utils/attr compile
 make[3] -C package/libs/gmp compile
 make[3] -C package/libs/libcap compile
 make[3] -C feeds/packages/utils/hwdata compile
 make[3] -C feeds/packages/libs/libevdev compile
 make[3] -C package/libs/libusb compile
 make[3] -C feeds/packages/libs/oniguruma compile
 make[3] -C package/QModem/application/quectel_CM_5G_M compile
 make[3] -C feeds/luci/libs/luci-lib-ip compile
 make[3] -C feeds/luci/libs/luci-lib-jsonc compile
 make[3] -C feeds/luci/libs/luci-lib-nixio compile
 make[3] -C package/system/fwtool compile
 make[3] -C package/system/ucert host-compile
 make[3] -C package/libs/libsepol compile
 make[3] -C package/system/openwrt-keyring compile
 make[3] -C package/emortal/autocore compile
 make[3] -C package/emortal/cpufreq compile
 make[3] -C feeds/luci/libs/luci-lib-uqr compile
 make[3] -C feeds/luci/protocols/luci-proto-ppp compile
 make[3] -C feeds/luci/protocols/luci-proto-ipv6 compile
 make[3] -C feeds/luci/applications/luci-app-autoreboot compile
 make[3] -C feeds/packages/libs/lzo compile
 make[3] -C feeds/packages/libs/libseccomp compile
 make[3] -C feeds/packages/utils/tini compile
 make[3] -C feeds/packages/libs/libuv compile
 make[3] -C package/libs/mbedtls compile
 make[3] -C package/libs/gettext-full host-compile
 make[3] -C package/libs/nettle compile
 make[3] -C feeds/packages/libs/libtasn1 compile
 make[3] -C feeds/packages/libs/libtirpc compile
 make[3] -C package/libs/popt compile
 make[3] -C feeds/packages/libs/liburing compile
 make[3] -C feeds/packages/libs/expat compile
 make[3] -C feeds/packages/libs/gdbm compile
 make[3] -C feeds/packages/libs/libdaemon compile
 make[3] -C feeds/packages/utils/dbus compile
 make[3] -C feeds/packages/libs/libmaxminddb compile
 make[3] -C feeds/packages/lang/lua/luajit2 compile
 make[3] -C feeds/packages/libs/libffi compile
 make[3] -C feeds/packages/libs/libical compile
 make[3] -C feeds/packages/lang/python/python-flit-core host-compile
 make[3] -C feeds/packages/utils/xz compile
 make[3] -C feeds/packages/utils/zstd compile
 make[3] -C feeds/packages/libs/boost compile
 make[3] -C feeds/packages/net/chinadns-ng compile
 make[3] -C feeds/packages/net/dns2socks compile
 make[3] -C feeds/packages/utils/dosfstools compile
 make[3] -C feeds/packages/net/etherwake compile
 make[3] -C feeds/packages/utils/gzip compile
 make[3] -C feeds/packages/lang/lua/lua5.4 compile
 make[3] -C package/libs/libtool compile
 make[3] -C package/libs/sysfsutils compile
 make[3] -C feeds/packages/net/ipt2socks compile
 make[3] -C feeds/packages/libs/libev compile
 make[3] -C feeds/packages/libs/libgpg-error compile
 make[3] -C feeds/packages/libs/yaml compile
 make[3] -C feeds/packages/net/microsocks compile
 make[3] -C feeds/packages/libs/libcbor compile
 make[3] -C feeds/packages/libs/libpam compile
 make[3] -C feeds/packages/net/simple-obfs compile
 make[3] -C feeds/packages/net/tcping compile
 make[3] -C feeds/packages/utils/unzip compile
 make[3] -C feeds/packages/net/v2ray-geodata compile
 make[3] -C feeds/packages/net/wsdd2 compile
 make[3] -C package/firmware/ath11k-firmware compile
 make[3] -C package/firmware/ipq-wifi compile
 make[3] -C package/firmware/wireless-regdb compile
 make[3] -C package/qca-nss/nss-firmware compile
 make[3] -C package/qca-nss/qca-nss-phy compile
 make[3] -C package/network/utils/iw compile
 make[3] -C package/libs/libnfnetlink compile
 make[3] -C package/network/utils/resolveip compile
 make[3] -C feeds/packages/libs/libpciaccess compile
 make[3] -C package/luci-app-qbittorrent/qt6tools host-compile
 make[3] -C package/luci-app-quickfile/quickfile compile
 make[3] -C package/network/services/dropbear compile
 make[3] -C package/libs/libpcap compile
 make[3] -C package/network/utils/linux-atm compile
 make[3] -C package/qca-nss/nss-eip-firmware compile
 make[3] -C package/system/ca-certificates compile
 make[3] -C feeds/packages/libs/nghttp2 compile
 make[3] -C package/libs/openssl compile
 make[3] -C package/libs/zlib compile
 make[3] -C feeds/packages/lang/golang/golang host-compile
 make[3] -C package/kernel/linux compile
 make[3] -C package/libs/libnftnl compile
 make[3] -C package/libs/libubox compile
 make[3] -C package/libs/elfutils compile
 make[3] -C package/libs/ncurses compile
 make[3] -C feeds/packages/utils/acl compile
 make[3] -C feeds/packages/libs/libudev-zero compile
 make[3] -C feeds/packages/utils/jq compile
 make[3] -C package/QModem/driver/fibocom_QMI_WWAN compile
 make[3] -C package/QModem/driver/quectel_QMI_WWAN compile
 make[3] -C package/QModem/driver/simcom_QMI_WWAN compile
 make[3] -C package/utils/util-linux compile
 make[3] -C package/utils/jsonfilter compile
 make[3] -C package/libs/pcre2 compile
 make[3] -C package/system/usign compile
 make[3] -C feeds/packages/utils/runc compile
 make[3] -C feeds/packages/libs/gnutls compile
